[2020-03-18T00:09:09.115] [DEBUG] cheese - login => username:zhangsan,password:123456
[2020-03-18T00:09:09.116] [DEBUG] cheese - zhangsan
[2020-03-18T00:09:09.128] [DEBUG] cheese - { inspect: [Function: inspect] }
[2020-03-18T00:09:09.130] [DEBUG] cheese - 查询失败
[2020-03-18T00:09:55.172] [DEBUG] cheese - login => username:admin,password:123456
[2020-03-18T00:09:55.172] [DEBUG] cheese - admin
[2020-03-18T00:09:55.181] [DEBUG] cheese - { inspect: [Function: inspect] }
[2020-03-18T00:09:55.181] [DEBUG] cheese - 查询失败
[2020-03-18T00:10:17.477] [DEBUG] cheese - login => username:admin,password:123456
[2020-03-18T00:10:17.477] [DEBUG] cheese - admin
[2020-03-18T00:10:17.481] [DEBUG] cheese - { inspect: [Function: inspect] }
[2020-03-18T00:10:17.481] [DEBUG] cheese - 查询失败
[2020-03-18T00:10:57.187] [DEBUG] cheese - login => username:zs,password:123456
[2020-03-18T00:10:57.188] [DEBUG] cheese - zs
[2020-03-18T00:10:57.192] [DEBUG] cheese - { inspect: [Function: inspect] }
[2020-03-18T00:10:57.192] [DEBUG] cheese - 查询失败
[2020-03-18T00:11:04.451] [DEBUG] cheese - login => username:admin,password:123456
[2020-03-18T00:11:04.452] [DEBUG] cheese - admin
[2020-03-18T00:11:04.454] [DEBUG] cheese - { inspect: [Function: inspect] }
[2020-03-18T00:11:04.454] [DEBUG] cheese - 查询失败
[2020-03-18T00:16:32.916] [DEBUG] cheese - login => username:admin,password:123456
[2020-03-18T00:16:32.918] [DEBUG] cheese - admin
[2020-03-18T00:16:32.929] [DEBUG] cheese - null
[2020-03-18T00:16:32.929] [DEBUG] cheese - null
[2020-03-18T18:36:13.452] [DEBUG] cheese - login => username:435345,password:3453454
[2020-03-18T18:36:13.455] [DEBUG] cheese - 435345
[2020-03-18T18:36:14.021] [DEBUG] cheese - null
[2020-03-18T18:36:14.022] [DEBUG] cheese - null
[2020-03-18T18:37:54.014] [DEBUG] cheese - login => username:4534,password:3453454
[2020-03-18T18:37:54.014] [DEBUG] cheese - 4534
[2020-03-18T18:37:54.026] [DEBUG] cheese - null
[2020-03-18T18:37:54.026] [DEBUG] cheese - null
[2020-03-18T18:39:20.878] [DEBUG] cheese - login => username:34534,password:3455534
[2020-03-18T18:39:20.878] [DEBUG] cheese - 34534
[2020-03-18T18:39:20.881] [DEBUG] cheese - null
[2020-03-18T18:39:20.881] [DEBUG] cheese - null
[2020-03-18T18:40:53.277] [DEBUG] cheese - login => username:admin,password:123456
[2020-03-18T18:40:53.277] [DEBUG] cheese - admin
[2020-03-18T18:40:53.283] [DEBUG] cheese - null
[2020-03-18T18:40:53.284] [DEBUG] cheese - null
[2020-03-18T18:40:57.723] [DEBUG] cheese - login => username:admin1,password:123456
[2020-03-18T18:40:57.723] [DEBUG] cheese - admin1
[2020-03-18T18:40:57.728] [DEBUG] cheese - null
[2020-03-18T18:40:57.728] [DEBUG] cheese - null
[2020-03-18T18:40:59.848] [DEBUG] cheese - login => username:admin1,password:123456
[2020-03-18T18:40:59.849] [DEBUG] cheese - admin1
[2020-03-18T18:40:59.851] [DEBUG] cheese - null
[2020-03-18T18:40:59.851] [DEBUG] cheese - null
[2020-03-18T18:41:19.365] [DEBUG] cheese - login => username:23423,password:23423423
[2020-03-18T18:41:19.365] [DEBUG] cheese - 23423
[2020-03-18T18:41:19.369] [DEBUG] cheese - null
[2020-03-18T18:41:19.369] [DEBUG] cheese - null
[2020-03-18T18:42:09.528] [DEBUG] cheese - login => username:3423423,password:234233
[2020-03-18T18:42:09.528] [DEBUG] cheese - 3423423
[2020-03-18T18:42:09.531] [DEBUG] cheese - null
[2020-03-18T18:42:09.531] [DEBUG] cheese - null
[2020-03-18T18:42:10.891] [DEBUG] cheese - login => username:3423423,password:234233
[2020-03-18T18:42:10.891] [DEBUG] cheese - 3423423
[2020-03-18T18:42:10.893] [DEBUG] cheese - null
[2020-03-18T18:42:10.893] [DEBUG] cheese - null
[2020-03-18T18:42:17.378] [DEBUG] cheese - login => username:admin,password:123456
[2020-03-18T18:42:17.378] [DEBUG] cheese - admin
[2020-03-18T18:42:17.380] [DEBUG] cheese - null
[2020-03-18T18:42:17.381] [DEBUG] cheese - null
[2020-03-18T18:46:15.859] [DEBUG] cheese - login => username:admin,password:123456
[2020-03-18T18:46:15.860] [DEBUG] cheese - admin
[2020-03-18T18:46:15.866] [DEBUG] cheese - null
[2020-03-18T18:46:15.866] [DEBUG] cheese - null
[2020-03-18T18:46:18.818] [DEBUG] cheese - login => username:admin1,password:123456
[2020-03-18T18:46:18.818] [DEBUG] cheese - admin1
[2020-03-18T18:46:18.820] [DEBUG] cheese - null
[2020-03-18T18:46:18.820] [DEBUG] cheese - null
[2020-03-18T18:46:20.155] [DEBUG] cheese - login => username:admin1,password:123456
[2020-03-18T18:46:20.155] [DEBUG] cheese - admin1
[2020-03-18T18:46:20.157] [DEBUG] cheese - null
[2020-03-18T18:46:20.157] [DEBUG] cheese - null
[2020-03-18T18:46:20.674] [DEBUG] cheese - login => username:admin1,password:123456
[2020-03-18T18:46:20.674] [DEBUG] cheese - admin1
[2020-03-18T18:46:20.679] [DEBUG] cheese - null
[2020-03-18T18:46:20.679] [DEBUG] cheese - null
[2020-03-18T18:46:20.896] [DEBUG] cheese - login => username:admin1,password:123456
[2020-03-18T18:46:20.896] [DEBUG] cheese - admin1
[2020-03-18T18:46:20.898] [DEBUG] cheese - null
[2020-03-18T18:46:20.898] [DEBUG] cheese - null
[2020-03-18T18:46:21.090] [DEBUG] cheese - login => username:admin1,password:123456
[2020-03-18T18:46:21.090] [DEBUG] cheese - admin1
[2020-03-18T18:46:21.092] [DEBUG] cheese - null
[2020-03-18T18:46:21.092] [DEBUG] cheese - null
[2020-03-18T18:46:21.290] [DEBUG] cheese - login => username:admin1,password:123456
[2020-03-18T18:46:21.290] [DEBUG] cheese - admin1
[2020-03-18T18:46:21.292] [DEBUG] cheese - null
[2020-03-18T18:46:21.292] [DEBUG] cheese - null
[2020-03-18T18:46:21.459] [DEBUG] cheese - login => username:admin1,password:123456
[2020-03-18T18:46:21.459] [DEBUG] cheese - admin1
[2020-03-18T18:46:21.461] [DEBUG] cheese - null
[2020-03-18T18:46:21.462] [DEBUG] cheese - null
[2020-03-18T18:46:21.650] [DEBUG] cheese - login => username:admin1,password:123456
[2020-03-18T18:46:21.650] [DEBUG] cheese - admin1
[2020-03-18T18:46:21.653] [DEBUG] cheese - null
[2020-03-18T18:46:21.654] [DEBUG] cheese - null
[2020-03-18T18:46:22.402] [DEBUG] cheese - login => username:admin1,password:123456
[2020-03-18T18:46:22.402] [DEBUG] cheese - admin1
[2020-03-18T18:46:22.404] [DEBUG] cheese - null
[2020-03-18T18:46:22.404] [DEBUG] cheese - null
[2020-03-18T18:49:39.589] [DEBUG] cheese - login => username:admin,password:123456
[2020-03-18T18:49:39.589] [DEBUG] cheese - admin
[2020-03-18T18:49:39.593] [DEBUG] cheese - null
[2020-03-18T18:49:39.593] [DEBUG] cheese - null
[2020-03-18T23:53:31.116] [DEBUG] cheese - login => username:admin,password:123456
[2020-03-18T23:53:31.117] [DEBUG] cheese - admin
[2020-03-18T23:53:31.150] [DEBUG] cheese - null
[2020-03-18T23:53:31.151] [DEBUG] cheese - null
[2020-03-18T23:57:20.045] [DEBUG] cheese - login => username:admin,password:123456
[2020-03-18T23:57:20.045] [DEBUG] cheese - admin
[2020-03-18T23:57:20.051] [DEBUG] cheese - null
[2020-03-18T23:57:20.051] [DEBUG] cheese - null
[2020-03-19T00:22:00.143] [DEBUG] cheese - login => username:admin,password:123456
[2020-03-19T00:22:00.143] [DEBUG] cheese - admin
[2020-03-19T00:22:00.155] [DEBUG] cheese - null
[2020-03-19T00:22:00.155] [DEBUG] cheese - null
[2020-03-19T00:22:04.228] [DEBUG] cheese - login => username:admin,password:123456
[2020-03-19T00:22:04.228] [DEBUG] cheese - admin
[2020-03-19T00:22:04.231] [DEBUG] cheese - null
[2020-03-19T00:22:04.231] [DEBUG] cheese - null
[2020-03-19T00:22:05.824] [DEBUG] cheese - login => username:admin,password:123456
[2020-03-19T00:22:05.824] [DEBUG] cheese - admin
[2020-03-19T00:22:05.827] [DEBUG] cheese - null
[2020-03-19T00:22:05.827] [DEBUG] cheese - null
[2020-03-19T00:22:15.875] [DEBUG] cheese - login => username:admin,password:123456
[2020-03-19T00:22:15.875] [DEBUG] cheese - admin
[2020-03-19T00:22:15.878] [DEBUG] cheese - null
[2020-03-19T00:22:15.878] [DEBUG] cheese - null
[2020-03-19T00:22:39.726] [DEBUG] cheese - login => username:admin1,password:123456
[2020-03-19T00:22:39.726] [DEBUG] cheese - admin1
[2020-03-19T00:22:39.728] [DEBUG] cheese - null
[2020-03-19T00:22:39.728] [DEBUG] cheese - null
[2020-03-19T00:22:42.427] [DEBUG] cheese - login => username:admin,password:123456
[2020-03-19T00:22:42.427] [DEBUG] cheese - admin
[2020-03-19T00:22:42.430] [DEBUG] cheese - null
[2020-03-19T00:22:42.430] [DEBUG] cheese - null
[2020-03-19T00:23:39.026] [DEBUG] cheese - login => username:admin,password:123456
[2020-03-19T00:23:39.026] [DEBUG] cheese - admin
[2020-03-19T00:23:39.030] [DEBUG] cheese - null
[2020-03-19T00:23:39.031] [DEBUG] cheese - null
[2020-03-19T00:24:05.591] [DEBUG] cheese - login => username:admin,password:123456
[2020-03-19T00:24:05.591] [DEBUG] cheese - admin
[2020-03-19T00:24:05.594] [DEBUG] cheese - null
[2020-03-19T00:24:05.594] [DEBUG] cheese - null
[2020-03-19T00:26:28.198] [DEBUG] cheese - login => username:admin,password:123456
[2020-03-19T00:26:28.198] [DEBUG] cheese - admin
[2020-03-19T00:26:28.203] [DEBUG] cheese - null
[2020-03-19T00:26:28.203] [DEBUG] cheese - null
[2020-03-19T00:28:46.126] [DEBUG] cheese - login => username:admin,password:123456
[2020-03-19T00:28:46.127] [DEBUG] cheese - admin
[2020-03-19T00:28:46.136] [DEBUG] cheese - null
[2020-03-19T00:28:46.136] [DEBUG] cheese - null
[2020-03-19T00:36:29.797] [DEBUG] cheese - login => username:admin,password:123456
[2020-03-19T00:36:29.797] [DEBUG] cheese - admin
[2020-03-19T00:36:29.805] [DEBUG] cheese - null
[2020-03-19T00:36:29.805] [DEBUG] cheese - null
[2020-03-19T00:37:25.663] [DEBUG] cheese - login => username:admin,password:123456
[2020-03-19T00:37:25.663] [DEBUG] cheese - admin
[2020-03-19T00:37:25.665] [DEBUG] cheese - null
[2020-03-19T00:37:25.665] [DEBUG] cheese - null
[2020-03-19T11:51:16.156] [DEBUG] cheese - login => username:admin,password:123456
[2020-03-19T11:51:16.157] [DEBUG] cheese - admin
[2020-03-19T11:51:16.264] [DEBUG] cheese - null
[2020-03-19T11:51:16.264] [DEBUG] cheese - null
[2020-03-19T11:51:16.380] [DEBUG] cheese - login => username:admin,password:123456
[2020-03-19T11:51:16.380] [DEBUG] cheese - admin
[2020-03-19T11:51:16.385] [DEBUG] cheese - null
[2020-03-19T11:51:16.385] [DEBUG] cheese - null
[2020-03-19T11:59:46.055] [DEBUG] cheese - login => username:admin,password:123456
[2020-03-19T11:59:46.055] [DEBUG] cheese - admin
[2020-03-19T11:59:46.061] [DEBUG] cheese - null
[2020-03-19T11:59:46.061] [DEBUG] cheese - null
[2020-03-19T12:33:15.226] [DEBUG] cheese - login => username:admin,password:123456
[2020-03-19T12:33:15.226] [DEBUG] cheese - admin
[2020-03-19T12:33:15.233] [DEBUG] cheese - null
[2020-03-19T12:33:15.233] [DEBUG] cheese - null
[2020-03-19T14:37:57.102] [DEBUG] cheese - login => username:admin,password:123456
[2020-03-19T14:37:57.107] [DEBUG] cheese - admin
[2020-03-19T14:37:57.173] [DEBUG] cheese - null
[2020-03-19T14:37:57.174] [DEBUG] cheese - null
[2020-03-19T14:43:14.183] [DEBUG] cheese - login => username:admin,password:123456
[2020-03-19T14:43:14.183] [DEBUG] cheese - admin
[2020-03-19T14:43:14.186] [DEBUG] cheese - null
[2020-03-19T14:43:14.186] [DEBUG] cheese - null
[2020-03-19T14:44:00.138] [DEBUG] cheese - login => username:admin,password:123456
[2020-03-19T14:44:00.138] [DEBUG] cheese - admin
[2020-03-19T14:44:00.141] [DEBUG] cheese - null
[2020-03-19T14:44:00.141] [DEBUG] cheese - null
[2020-03-19T14:44:31.032] [DEBUG] cheese - login => username:admin,password:123456
[2020-03-19T14:44:31.032] [DEBUG] cheese - admin
[2020-03-19T14:44:31.035] [DEBUG] cheese - null
[2020-03-19T14:44:31.035] [DEBUG] cheese - null
[2020-03-20T11:57:07.666] [DEBUG] cheese - login => username:admin,password:123456
[2020-03-20T11:57:07.667] [DEBUG] cheese - admin
[2020-03-20T11:57:07.791] [DEBUG] cheese - null
[2020-03-20T11:57:07.792] [DEBUG] cheese - null
[2020-03-21T14:16:08.484] [DEBUG] cheese - login => username:admin,password:123456
[2020-03-21T14:16:08.485] [DEBUG] cheese - admin
[2020-03-21T14:16:08.596] [DEBUG] cheese - null
[2020-03-21T14:16:08.597] [DEBUG] cheese - null
[2020-03-21T23:22:50.828] [DEBUG] cheese - null
[2020-03-21T23:24:50.590] [DEBUG] cheese - null
[2020-03-21T23:25:14.225] [DEBUG] cheese - null
[2020-03-21T23:26:04.389] [DEBUG] cheese - null
[2020-03-21T23:27:10.874] [DEBUG] cheese - null
[2020-03-21T23:27:19.324] [DEBUG] cheese - null
[2020-03-21T23:27:23.429] [DEBUG] cheese - null
[2020-03-22T13:57:42.182] [DEBUG] cheese - login => username:admin,password:123456
[2020-03-22T13:57:42.184] [DEBUG] cheese - admin
[2020-03-22T13:57:42.282] [DEBUG] cheese - null
[2020-03-22T13:57:42.283] [DEBUG] cheese - null
[2020-03-23T13:50:54.409] [DEBUG] cheese - login => username:admin,password:123456
[2020-03-23T13:50:54.410] [DEBUG] cheese - admin
[2020-03-23T13:50:54.513] [DEBUG] cheese - null
[2020-03-23T13:50:54.514] [DEBUG] cheese - null
[2020-03-24T13:16:44.825] [DEBUG] cheese - login => username:admin,password:123456
[2020-03-24T13:16:44.827] [DEBUG] cheese - admin
[2020-03-24T13:16:44.940] [DEBUG] cheese - null
[2020-03-24T13:16:44.940] [DEBUG] cheese - null
[2020-03-25T09:40:43.361] [DEBUG] cheese - login => username:admin,password:123456
[2020-03-25T09:40:43.362] [DEBUG] cheese - admin
[2020-03-25T09:40:43.411] [DEBUG] cheese - null
[2020-03-25T09:40:43.411] [DEBUG] cheese - null
[2020-03-26T22:44:52.335] [DEBUG] cheese - login => username:admin,password:123456
[2020-03-26T22:44:52.337] [DEBUG] cheese - admin
[2020-03-26T22:44:52.432] [DEBUG] cheese - null
[2020-03-26T22:44:52.433] [DEBUG] cheese - null
[2020-03-27T19:12:49.579] [DEBUG] cheese - login => username:admin,password:123456
[2020-03-27T19:12:49.581] [DEBUG] cheese - admin
[2020-03-27T19:12:49.668] [DEBUG] cheese - null
[2020-03-27T19:12:49.669] [DEBUG] cheese - null
[2020-03-28T14:13:27.616] [DEBUG] cheese - login => username:admin,password:123456
[2020-03-28T14:13:27.618] [DEBUG] cheese - admin
[2020-03-28T14:13:27.705] [DEBUG] cheese - null
[2020-03-28T14:13:27.705] [DEBUG] cheese - null
[2020-03-28T17:03:08.661] [DEBUG] cheese - null
[2020-03-29T00:30:10.789] [DEBUG] cheese - login => username:admin,password:123456
[2020-03-29T00:30:10.792] [DEBUG] cheese - admin
[2020-03-29T00:30:10.818] [DEBUG] cheese - null
[2020-03-29T00:30:10.818] [DEBUG] cheese - null
[2020-03-29T01:35:29.806] [DEBUG] cheese - login => username:admin,password:123456
[2020-03-29T01:35:29.808] [DEBUG] cheese - admin
[2020-03-29T01:35:29.835] [DEBUG] cheese - null
[2020-03-29T01:35:29.835] [DEBUG] cheese - null
[2020-03-29T17:26:36.286] [DEBUG] cheese - login => username:admin,password:123456
[2020-03-29T17:26:36.288] [DEBUG] cheese - admin
[2020-03-29T17:26:36.353] [DEBUG] cheese - null
[2020-03-29T17:26:36.354] [DEBUG] cheese - null
[2020-03-29T17:29:07.164] [DEBUG] cheese - login => username:admin,password:123456
[2020-03-29T17:29:07.165] [DEBUG] cheese - admin
[2020-03-29T17:29:07.169] [DEBUG] cheese - null
[2020-03-29T17:29:07.169] [DEBUG] cheese - null
