[2020-03-18T00:09:09.115] [DEBUG] cheese - login => username:zhangsan,password:123456
[2020-03-18T00:09:09.116] [DEBUG] cheese - zhangsan
[2020-03-18T00:09:09.128] [DEBUG] cheese - { inspect: [Function: inspect] }
[2020-03-18T00:09:09.130] [DEBUG] cheese - 查询失败
[2020-03-18T00:09:55.172] [DEBUG] cheese - login => username:admin,password:123456
[2020-03-18T00:09:55.172] [DEBUG] cheese - admin
[2020-03-18T00:09:55.181] [DEBUG] cheese - { inspect: [Function: inspect] }
[2020-03-18T00:09:55.181] [DEBUG] cheese - 查询失败
[2020-03-18T00:10:17.477] [DEBUG] cheese - login => username:admin,password:123456
[2020-03-18T00:10:17.477] [DEBUG] cheese - admin
[2020-03-18T00:10:17.481] [DEBUG] cheese - { inspect: [Function: inspect] }
[2020-03-18T00:10:17.481] [DEBUG] cheese - 查询失败
[2020-03-18T00:10:57.187] [DEBUG] cheese - login => username:zs,password:123456
[2020-03-18T00:10:57.188] [DEBUG] cheese - zs
[2020-03-18T00:10:57.192] [DEBUG] cheese - { inspect: [Function: inspect] }
[2020-03-18T00:10:57.192] [DEBUG] cheese - 查询失败
[2020-03-18T00:11:04.451] [DEBUG] cheese - login => username:admin,password:123456
[2020-03-18T00:11:04.452] [DEBUG] cheese - admin
[2020-03-18T00:11:04.454] [DEBUG] cheese - { inspect: [Function: inspect] }
[2020-03-18T00:11:04.454] [DEBUG] cheese - 查询失败
[2020-03-18T00:16:32.916] [DEBUG] cheese - login => username:admin,password:123456
[2020-03-18T00:16:32.918] [DEBUG] cheese - admin
[2020-03-18T00:16:32.929] [DEBUG] cheese - null
[2020-03-18T00:16:32.929] [DEBUG] cheese - null
[2020-03-18T18:36:13.452] [DEBUG] cheese - login => username:435345,password:3453454
[2020-03-18T18:36:13.455] [DEBUG] cheese - 435345
[2020-03-18T18:36:14.021] [DEBUG] cheese - null
[2020-03-18T18:36:14.022] [DEBUG] cheese - null
[2020-03-18T18:37:54.014] [DEBUG] cheese - login => username:4534,password:3453454
[2020-03-18T18:37:54.014] [DEBUG] cheese - 4534
[2020-03-18T18:37:54.026] [DEBUG] cheese - null
[2020-03-18T18:37:54.026] [DEBUG] cheese - null
[2020-03-18T18:39:20.878] [DEBUG] cheese - login => username:34534,password:3455534
[2020-03-18T18:39:20.878] [DEBUG] cheese - 34534
[2020-03-18T18:39:20.881] [DEBUG] cheese - null
[2020-03-18T18:39:20.881] [DEBUG] cheese - null
[2020-03-18T18:40:53.277] [DEBUG] cheese - login => username:admin,password:123456
[2020-03-18T18:40:53.277] [DEBUG] cheese - admin
[2020-03-18T18:40:53.283] [DEBUG] cheese - null
[2020-03-18T18:40:53.284] [DEBUG] cheese - null
[2020-03-18T18:40:57.723] [DEBUG] cheese - login => username:admin1,password:123456
[2020-03-18T18:40:57.723] [DEBUG] cheese - admin1
[2020-03-18T18:40:57.728] [DEBUG] cheese - null
[2020-03-18T18:40:57.728] [DEBUG] cheese - null
[2020-03-18T18:40:59.848] [DEBUG] cheese - login => username:admin1,password:123456
[2020-03-18T18:40:59.849] [DEBUG] cheese - admin1
[2020-03-18T18:40:59.851] [DEBUG] cheese - null
[2020-03-18T18:40:59.851] [DEBUG] cheese - null
[2020-03-18T18:41:19.365] [DEBUG] cheese - login => username:23423,password:23423423
[2020-03-18T18:41:19.365] [DEBUG] cheese - 23423
[2020-03-18T18:41:19.369] [DEBUG] cheese - null
[2020-03-18T18:41:19.369] [DEBUG] cheese - null
[2020-03-18T18:42:09.528] [DEBUG] cheese - login => username:3423423,password:234233
[2020-03-18T18:42:09.528] [DEBUG] cheese - 3423423
[2020-03-18T18:42:09.531] [DEBUG] cheese - null
[2020-03-18T18:42:09.531] [DEBUG] cheese - null
[2020-03-18T18:42:10.891] [DEBUG] cheese - login => username:3423423,password:234233
[2020-03-18T18:42:10.891] [DEBUG] cheese - 3423423
[2020-03-18T18:42:10.893] [DEBUG] cheese - null
[2020-03-18T18:42:10.893] [DEBUG] cheese - null
[2020-03-18T18:42:17.378] [DEBUG] cheese - login => username:admin,password:123456
[2020-03-18T18:42:17.378] [DEBUG] cheese - admin
[2020-03-18T18:42:17.380] [DEBUG] cheese - null
[2020-03-18T18:42:17.381] [DEBUG] cheese - null
[2020-03-18T18:46:15.859] [DEBUG] cheese - login => username:admin,password:123456
[2020-03-18T18:46:15.860] [DEBUG] cheese - admin
[2020-03-18T18:46:15.866] [DEBUG] cheese - null
[2020-03-18T18:46:15.866] [DEBUG] cheese - null
[2020-03-18T18:46:18.818] [DEBUG] cheese - login => username:admin1,password:123456
[2020-03-18T18:46:18.818] [DEBUG] cheese - admin1
[2020-03-18T18:46:18.820] [DEBUG] cheese - null
[2020-03-18T18:46:18.820] [DEBUG] cheese - null
[2020-03-18T18:46:20.155] [DEBUG] cheese - login => username:admin1,password:123456
[2020-03-18T18:46:20.155] [DEBUG] cheese - admin1
[2020-03-18T18:46:20.157] [DEBUG] cheese - null
[2020-03-18T18:46:20.157] [DEBUG] cheese - null
[2020-03-18T18:46:20.674] [DEBUG] cheese - login => username:admin1,password:123456
[2020-03-18T18:46:20.674] [DEBUG] cheese - admin1
[2020-03-18T18:46:20.679] [DEBUG] cheese - null
[2020-03-18T18:46:20.679] [DEBUG] cheese - null
[2020-03-18T18:46:20.896] [DEBUG] cheese - login => username:admin1,password:123456
[2020-03-18T18:46:20.896] [DEBUG] cheese - admin1
[2020-03-18T18:46:20.898] [DEBUG] cheese - null
[2020-03-18T18:46:20.898] [DEBUG] cheese - null
[2020-03-18T18:46:21.090] [DEBUG] cheese - login => username:admin1,password:123456
[2020-03-18T18:46:21.090] [DEBUG] cheese - admin1
[2020-03-18T18:46:21.092] [DEBUG] cheese - null
[2020-03-18T18:46:21.092] [DEBUG] cheese - null
[2020-03-18T18:46:21.290] [DEBUG] cheese - login => username:admin1,password:123456
[2020-03-18T18:46:21.290] [DEBUG] cheese - admin1
[2020-03-18T18:46:21.292] [DEBUG] cheese - null
[2020-03-18T18:46:21.292] [DEBUG] cheese - null
[2020-03-18T18:46:21.459] [DEBUG] cheese - login => username:admin1,password:123456
[2020-03-18T18:46:21.459] [DEBUG] cheese - admin1
[2020-03-18T18:46:21.461] [DEBUG] cheese - null
[2020-03-18T18:46:21.462] [DEBUG] cheese - null
[2020-03-18T18:46:21.650] [DEBUG] cheese - login => username:admin1,password:123456
[2020-03-18T18:46:21.650] [DEBUG] cheese - admin1
[2020-03-18T18:46:21.653] [DEBUG] cheese - null
[2020-03-18T18:46:21.654] [DEBUG] cheese - null
[2020-03-18T18:46:22.402] [DEBUG] cheese - login => username:admin1,password:123456
[2020-03-18T18:46:22.402] [DEBUG] cheese - admin1
[2020-03-18T18:46:22.404] [DEBUG] cheese - null
[2020-03-18T18:46:22.404] [DEBUG] cheese - null
[2020-03-18T18:49:39.589] [DEBUG] cheese - login => username:admin,password:123456
[2020-03-18T18:49:39.589] [DEBUG] cheese - admin
[2020-03-18T18:49:39.593] [DEBUG] cheese - null
[2020-03-18T18:49:39.593] [DEBUG] cheese - null
[2020-03-18T23:53:31.116] [DEBUG] cheese - login => username:admin,password:123456
[2020-03-18T23:53:31.117] [DEBUG] cheese - admin
[2020-03-18T23:53:31.150] [DEBUG] cheese - null
[2020-03-18T23:53:31.151] [DEBUG] cheese - null
[2020-03-18T23:57:20.045] [DEBUG] cheese - login => username:admin,password:123456
[2020-03-18T23:57:20.045] [DEBUG] cheese - admin
[2020-03-18T23:57:20.051] [DEBUG] cheese - null
[2020-03-18T23:57:20.051] [DEBUG] cheese - null
[2020-03-19T00:22:00.143] [DEBUG] cheese - login => username:admin,password:123456
[2020-03-19T00:22:00.143] [DEBUG] cheese - admin
[2020-03-19T00:22:00.155] [DEBUG] cheese - null
[2020-03-19T00:22:00.155] [DEBUG] cheese - null
[2020-03-19T00:22:04.228] [DEBUG] cheese - login => username:admin,password:123456
[2020-03-19T00:22:04.228] [DEBUG] cheese - admin
[2020-03-19T00:22:04.231] [DEBUG] cheese - null
[2020-03-19T00:22:04.231] [DEBUG] cheese - null
[2020-03-19T00:22:05.824] [DEBUG] cheese - login => username:admin,password:123456
[2020-03-19T00:22:05.824] [DEBUG] cheese - admin
[2020-03-19T00:22:05.827] [DEBUG] cheese - null
[2020-03-19T00:22:05.827] [DEBUG] cheese - null
[2020-03-19T00:22:15.875] [DEBUG] cheese - login => username:admin,password:123456
[2020-03-19T00:22:15.875] [DEBUG] cheese - admin
[2020-03-19T00:22:15.878] [DEBUG] cheese - null
[2020-03-19T00:22:15.878] [DEBUG] cheese - null
[2020-03-19T00:22:39.726] [DEBUG] cheese - login => username:admin1,password:123456
[2020-03-19T00:22:39.726] [DEBUG] cheese - admin1
[2020-03-19T00:22:39.728] [DEBUG] cheese - null
[2020-03-19T00:22:39.728] [DEBUG] cheese - null
[2020-03-19T00:22:42.427] [DEBUG] cheese - login => username:admin,password:123456
[2020-03-19T00:22:42.427] [DEBUG] cheese - admin
[2020-03-19T00:22:42.430] [DEBUG] cheese - null
[2020-03-19T00:22:42.430] [DEBUG] cheese - null
[2020-03-19T00:23:39.026] [DEBUG] cheese - login => username:admin,password:123456
[2020-03-19T00:23:39.026] [DEBUG] cheese - admin
[2020-03-19T00:23:39.030] [DEBUG] cheese - null
[2020-03-19T00:23:39.031] [DEBUG] cheese - null
[2020-03-19T00:24:05.591] [DEBUG] cheese - login => username:admin,password:123456
[2020-03-19T00:24:05.591] [DEBUG] cheese - admin
[2020-03-19T00:24:05.594] [DEBUG] cheese - null
[2020-03-19T00:24:05.594] [DEBUG] cheese - null
[2020-03-19T00:26:28.198] [DEBUG] cheese - login => username:admin,password:123456
[2020-03-19T00:26:28.198] [DEBUG] cheese - admin
[2020-03-19T00:26:28.203] [DEBUG] cheese - null
[2020-03-19T00:26:28.203] [DEBUG] cheese - null
[2020-03-19T00:28:46.126] [DEBUG] cheese - login => username:admin,password:123456
[2020-03-19T00:28:46.127] [DEBUG] cheese - admin
[2020-03-19T00:28:46.136] [DEBUG] cheese - null
[2020-03-19T00:28:46.136] [DEBUG] cheese - null
[2020-03-19T00:36:29.797] [DEBUG] cheese - login => username:admin,password:123456
[2020-03-19T00:36:29.797] [DEBUG] cheese - admin
[2020-03-19T00:36:29.805] [DEBUG] cheese - null
[2020-03-19T00:36:29.805] [DEBUG] cheese - null
[2020-03-19T00:37:25.663] [DEBUG] cheese - login => username:admin,password:123456
[2020-03-19T00:37:25.663] [DEBUG] cheese - admin
[2020-03-19T00:37:25.665] [DEBUG] cheese - null
[2020-03-19T00:37:25.665] [DEBUG] cheese - null
[2020-03-19T11:51:16.156] [DEBUG] cheese - login => username:admin,password:123456
[2020-03-19T11:51:16.157] [DEBUG] cheese - admin
[2020-03-19T11:51:16.264] [DEBUG] cheese - null
[2020-03-19T11:51:16.264] [DEBUG] cheese - null
[2020-03-19T11:51:16.380] [DEBUG] cheese - login => username:admin,password:123456
[2020-03-19T11:51:16.380] [DEBUG] cheese - admin
[2020-03-19T11:51:16.385] [DEBUG] cheese - null
[2020-03-19T11:51:16.385] [DEBUG] cheese - null
[2020-03-19T11:59:46.055] [DEBUG] cheese - login => username:admin,password:123456
[2020-03-19T11:59:46.055] [DEBUG] cheese - admin
[2020-03-19T11:59:46.061] [DEBUG] cheese - null
[2020-03-19T11:59:46.061] [DEBUG] cheese - null
[2020-03-19T12:33:15.226] [DEBUG] cheese - login => username:admin,password:123456
[2020-03-19T12:33:15.226] [DEBUG] cheese - admin
[2020-03-19T12:33:15.233] [DEBUG] cheese - null
[2020-03-19T12:33:15.233] [DEBUG] cheese - null
[2020-03-19T14:37:57.102] [DEBUG] cheese - login => username:admin,password:123456
[2020-03-19T14:37:57.107] [DEBUG] cheese - admin
[2020-03-19T14:37:57.173] [DEBUG] cheese - null
[2020-03-19T14:37:57.174] [DEBUG] cheese - null
[2020-03-19T14:43:14.183] [DEBUG] cheese - login => username:admin,password:123456
[2020-03-19T14:43:14.183] [DEBUG] cheese - admin
[2020-03-19T14:43:14.186] [DEBUG] cheese - null
[2020-03-19T14:43:14.186] [DEBUG] cheese - null
[2020-03-19T14:44:00.138] [DEBUG] cheese - login => username:admin,password:123456
[2020-03-19T14:44:00.138] [DEBUG] cheese - admin
[2020-03-19T14:44:00.141] [DEBUG] cheese - null
[2020-03-19T14:44:00.141] [DEBUG] cheese - null
[2020-03-19T14:44:31.032] [DEBUG] cheese - login => username:admin,password:123456
[2020-03-19T14:44:31.032] [DEBUG] cheese - admin
[2020-03-19T14:44:31.035] [DEBUG] cheese - null
[2020-03-19T14:44:31.035] [DEBUG] cheese - null
[2020-03-20T11:57:07.666] [DEBUG] cheese - login => username:admin,password:123456
[2020-03-20T11:57:07.667] [DEBUG] cheese - admin
[2020-03-20T11:57:07.791] [DEBUG] cheese - null
[2020-03-20T11:57:07.792] [DEBUG] cheese - null
[2020-03-21T14:16:08.484] [DEBUG] cheese - login => username:admin,password:123456
[2020-03-21T14:16:08.485] [DEBUG] cheese - admin
[2020-03-21T14:16:08.596] [DEBUG] cheese - null
[2020-03-21T14:16:08.597] [DEBUG] cheese - null
[2020-03-21T23:22:50.828] [DEBUG] cheese - null
[2020-03-21T23:24:50.590] [DEBUG] cheese - null
[2020-03-21T23:25:14.225] [DEBUG] cheese - null
[2020-03-21T23:26:04.389] [DEBUG] cheese - null
[2020-03-21T23:27:10.874] [DEBUG] cheese - null
[2020-03-21T23:27:19.324] [DEBUG] cheese - null
[2020-03-21T23:27:23.429] [DEBUG] cheese - null
[2020-03-22T13:57:42.182] [DEBUG] cheese - login => username:admin,password:123456
[2020-03-22T13:57:42.184] [DEBUG] cheese - admin
[2020-03-22T13:57:42.282] [DEBUG] cheese - null
[2020-03-22T13:57:42.283] [DEBUG] cheese - null
[2020-03-23T13:50:54.409] [DEBUG] cheese - login => username:admin,password:123456
[2020-03-23T13:50:54.410] [DEBUG] cheese - admin
[2020-03-23T13:50:54.513] [DEBUG] cheese - null
[2020-03-23T13:50:54.514] [DEBUG] cheese - null
[2020-03-24T13:16:44.825] [DEBUG] cheese - login => username:admin,password:123456
[2020-03-24T13:16:44.827] [DEBUG] cheese - admin
[2020-03-24T13:16:44.940] [DEBUG] cheese - null
[2020-03-24T13:16:44.940] [DEBUG] cheese - null
[2020-03-25T09:40:43.361] [DEBUG] cheese - login => username:admin,password:123456
[2020-03-25T09:40:43.362] [DEBUG] cheese - admin
[2020-03-25T09:40:43.411] [DEBUG] cheese - null
[2020-03-25T09:40:43.411] [DEBUG] cheese - null
[2020-03-26T22:44:52.335] [DEBUG] cheese - login => username:admin,password:123456
[2020-03-26T22:44:52.337] [DEBUG] cheese - admin
[2020-03-26T22:44:52.432] [DEBUG] cheese - null
[2020-03-26T22:44:52.433] [DEBUG] cheese - null
[2020-03-27T19:12:49.579] [DEBUG] cheese - login => username:admin,password:123456
[2020-03-27T19:12:49.581] [DEBUG] cheese - admin
[2020-03-27T19:12:49.668] [DEBUG] cheese - null
[2020-03-27T19:12:49.669] [DEBUG] cheese - null
[2020-03-28T14:13:27.616] [DEBUG] cheese - login => username:admin,password:123456
[2020-03-28T14:13:27.618] [DEBUG] cheese - admin
[2020-03-28T14:13:27.705] [DEBUG] cheese - null
[2020-03-28T14:13:27.705] [DEBUG] cheese - null
[2020-03-28T17:03:08.661] [DEBUG] cheese - null
[2020-03-29T00:30:10.789] [DEBUG] cheese - login => username:admin,password:123456
[2020-03-29T00:30:10.792] [DEBUG] cheese - admin
[2020-03-29T00:30:10.818] [DEBUG] cheese - null
[2020-03-29T00:30:10.818] [DEBUG] cheese - null
[2020-03-29T01:35:29.806] [DEBUG] cheese - login => username:admin,password:123456
[2020-03-29T01:35:29.808] [DEBUG] cheese - admin
[2020-03-29T01:35:29.835] [DEBUG] cheese - null
[2020-03-29T01:35:29.835] [DEBUG] cheese - null
[2020-03-29T17:26:36.286] [DEBUG] cheese - login => username:admin,password:123456
[2020-03-29T17:26:36.288] [DEBUG] cheese - admin
[2020-03-29T17:26:36.353] [DEBUG] cheese - null
[2020-03-29T17:26:36.354] [DEBUG] cheese - null
[2020-03-29T17:29:07.164] [DEBUG] cheese - login => username:admin,password:123456
[2020-03-29T17:29:07.165] [DEBUG] cheese - admin
[2020-03-29T17:29:07.169] [DEBUG] cheese - null
[2020-03-29T17:29:07.169] [DEBUG] cheese - null
[2020-04-18T01:09:46.726] [DEBUG] cheese - login => username:admin,password:123456
[2020-04-18T01:09:46.727] [DEBUG] cheese - admin
[2020-04-18T01:09:46.759] [DEBUG] cheese - null
[2020-04-18T01:09:46.760] [DEBUG] cheese - null
[2020-04-19T14:33:49.725] [DEBUG] cheese - login => username:zs33,password:123456
[2020-04-19T14:33:49.728] [DEBUG] cheese - zs33
[2020-04-19T14:33:49.830] [DEBUG] cheese - null
[2020-04-19T14:33:49.832] [DEBUG] cheese - null
[2020-04-19T14:35:43.742] [DEBUG] cheese - login => username:zs444,password:123456
[2020-04-19T14:35:43.742] [DEBUG] cheese - zs444
[2020-04-19T14:35:43.745] [DEBUG] cheese - null
[2020-04-19T14:35:43.746] [DEBUG] cheese - null
[2020-04-19T14:36:16.834] [DEBUG] cheese - login => username:zs333,password:123456
[2020-04-19T14:36:16.834] [DEBUG] cheese - zs333
[2020-04-19T14:36:16.837] [DEBUG] cheese - null
[2020-04-19T14:36:16.837] [DEBUG] cheese - null
[2020-04-19T14:38:09.229] [DEBUG] cheese - login => username:zs222,password:123456
[2020-04-19T14:38:09.229] [DEBUG] cheese - zs222
[2020-04-19T14:38:09.232] [DEBUG] cheese - null
[2020-04-19T14:38:09.232] [DEBUG] cheese - null
[2020-04-19T14:38:12.705] [DEBUG] cheese - login => username:admin,password:123456
[2020-04-19T14:38:12.706] [DEBUG] cheese - admin
[2020-04-19T14:38:12.712] [DEBUG] cheese - null
[2020-04-19T14:38:12.712] [DEBUG] cheese - null
[2020-04-19T14:42:18.223] [DEBUG] cheese - login => username:zs22,password:123456
[2020-04-19T14:42:18.223] [DEBUG] cheese - zs22
[2020-04-19T14:42:18.227] [DEBUG] cheese - null
[2020-04-19T14:42:18.227] [DEBUG] cheese - null
[2020-04-19T14:42:24.206] [DEBUG] cheese - login => username:admin,password:123456
[2020-04-19T14:42:24.206] [DEBUG] cheese - admin
[2020-04-19T14:42:24.209] [DEBUG] cheese - null
[2020-04-19T14:42:24.209] [DEBUG] cheese - null
[2020-04-19T14:42:25.057] [DEBUG] cheese - login => username:admin,password:123456
[2020-04-19T14:42:25.057] [DEBUG] cheese - admin
[2020-04-19T14:42:25.059] [DEBUG] cheese - null
[2020-04-19T14:42:25.059] [DEBUG] cheese - null
[2020-04-19T14:42:25.249] [DEBUG] cheese - login => username:admin,password:123456
[2020-04-19T14:42:25.249] [DEBUG] cheese - admin
[2020-04-19T14:42:25.252] [DEBUG] cheese - null
[2020-04-19T14:42:25.252] [DEBUG] cheese - null
[2020-04-19T14:42:25.416] [DEBUG] cheese - login => username:admin,password:123456
[2020-04-19T14:42:25.416] [DEBUG] cheese - admin
[2020-04-19T14:42:25.418] [DEBUG] cheese - null
[2020-04-19T14:42:25.418] [DEBUG] cheese - null
[2020-04-19T14:42:25.593] [DEBUG] cheese - login => username:admin,password:123456
[2020-04-19T14:42:25.593] [DEBUG] cheese - admin
[2020-04-19T14:42:25.597] [DEBUG] cheese - null
[2020-04-19T14:42:25.597] [DEBUG] cheese - null
[2020-04-19T14:42:25.767] [DEBUG] cheese - login => username:admin,password:123456
[2020-04-19T14:42:25.767] [DEBUG] cheese - admin
[2020-04-19T14:42:25.769] [DEBUG] cheese - null
[2020-04-19T14:42:25.769] [DEBUG] cheese - null
[2020-04-19T14:42:25.945] [DEBUG] cheese - login => username:admin,password:123456
[2020-04-19T14:42:25.945] [DEBUG] cheese - admin
[2020-04-19T14:42:25.948] [DEBUG] cheese - null
[2020-04-19T14:42:25.949] [DEBUG] cheese - null
[2020-04-19T14:42:26.445] [DEBUG] cheese - login => username:admin,password:123456
[2020-04-19T14:42:26.445] [DEBUG] cheese - admin
[2020-04-19T14:42:26.447] [DEBUG] cheese - null
[2020-04-19T14:42:26.447] [DEBUG] cheese - null
[2020-04-19T14:42:26.560] [DEBUG] cheese - login => username:admin,password:123456
[2020-04-19T14:42:26.560] [DEBUG] cheese - admin
[2020-04-19T14:42:26.563] [DEBUG] cheese - null
[2020-04-19T14:42:26.563] [DEBUG] cheese - null
[2020-04-19T14:42:26.746] [DEBUG] cheese - login => username:admin,password:123456
[2020-04-19T14:42:26.746] [DEBUG] cheese - admin
[2020-04-19T14:42:26.749] [DEBUG] cheese - null
[2020-04-19T14:42:26.749] [DEBUG] cheese - null
[2020-04-19T14:42:26.920] [DEBUG] cheese - login => username:admin,password:123456
[2020-04-19T14:42:26.920] [DEBUG] cheese - admin
[2020-04-19T14:42:26.922] [DEBUG] cheese - null
[2020-04-19T14:42:26.922] [DEBUG] cheese - null
[2020-04-19T14:42:27.096] [DEBUG] cheese - login => username:admin,password:123456
[2020-04-19T14:42:27.096] [DEBUG] cheese - admin
[2020-04-19T14:42:27.099] [DEBUG] cheese - null
[2020-04-19T14:42:27.099] [DEBUG] cheese - null
[2020-04-19T14:42:27.303] [DEBUG] cheese - login => username:admin,password:123456
[2020-04-19T14:42:27.303] [DEBUG] cheese - admin
[2020-04-19T14:42:27.306] [DEBUG] cheese - null
[2020-04-19T14:42:27.306] [DEBUG] cheese - null
[2020-04-19T14:42:27.466] [DEBUG] cheese - login => username:admin,password:123456
[2020-04-19T14:42:27.466] [DEBUG] cheese - admin
[2020-04-19T14:42:27.470] [DEBUG] cheese - null
[2020-04-19T14:42:27.470] [DEBUG] cheese - null
[2020-04-19T14:42:27.655] [DEBUG] cheese - login => username:admin,password:123456
[2020-04-19T14:42:27.655] [DEBUG] cheese - admin
[2020-04-19T14:42:27.658] [DEBUG] cheese - null
[2020-04-19T14:42:27.658] [DEBUG] cheese - null
[2020-04-19T14:42:27.831] [DEBUG] cheese - login => username:admin,password:123456
[2020-04-19T14:42:27.832] [DEBUG] cheese - admin
[2020-04-19T14:42:27.834] [DEBUG] cheese - null
[2020-04-19T14:42:27.834] [DEBUG] cheese - null
[2020-04-19T14:42:28.032] [DEBUG] cheese - login => username:admin,password:123456
[2020-04-19T14:42:28.032] [DEBUG] cheese - admin
[2020-04-19T14:42:28.034] [DEBUG] cheese - null
[2020-04-19T14:42:28.034] [DEBUG] cheese - null
[2020-04-19T14:42:28.208] [DEBUG] cheese - login => username:admin,password:123456
[2020-04-19T14:42:28.208] [DEBUG] cheese - admin
[2020-04-19T14:42:28.210] [DEBUG] cheese - null
[2020-04-19T14:42:28.210] [DEBUG] cheese - null
[2020-04-19T14:42:28.392] [DEBUG] cheese - login => username:admin,password:123456
[2020-04-19T14:42:28.392] [DEBUG] cheese - admin
[2020-04-19T14:42:28.395] [DEBUG] cheese - null
[2020-04-19T14:42:28.395] [DEBUG] cheese - null
[2020-04-19T14:42:28.575] [DEBUG] cheese - login => username:admin,password:123456
[2020-04-19T14:42:28.575] [DEBUG] cheese - admin
[2020-04-19T14:42:28.578] [DEBUG] cheese - null
[2020-04-19T14:42:28.578] [DEBUG] cheese - null
[2020-04-19T14:42:28.759] [DEBUG] cheese - login => username:admin,password:123456
[2020-04-19T14:42:28.759] [DEBUG] cheese - admin
[2020-04-19T14:42:28.761] [DEBUG] cheese - null
[2020-04-19T14:42:28.761] [DEBUG] cheese - null
[2020-04-19T14:42:28.943] [DEBUG] cheese - login => username:admin,password:123456
[2020-04-19T14:42:28.943] [DEBUG] cheese - admin
[2020-04-19T14:42:28.946] [DEBUG] cheese - null
[2020-04-19T14:42:28.946] [DEBUG] cheese - null
[2020-04-19T14:42:29.095] [DEBUG] cheese - login => username:admin,password:123456
[2020-04-19T14:42:29.095] [DEBUG] cheese - admin
[2020-04-19T14:42:29.097] [DEBUG] cheese - null
[2020-04-19T14:42:29.097] [DEBUG] cheese - null
[2020-04-19T14:42:29.253] [DEBUG] cheese - login => username:admin,password:123456
[2020-04-19T14:42:29.253] [DEBUG] cheese - admin
[2020-04-19T14:42:29.255] [DEBUG] cheese - null
[2020-04-19T14:42:29.255] [DEBUG] cheese - null
[2020-04-19T14:42:29.407] [DEBUG] cheese - login => username:admin,password:123456
[2020-04-19T14:42:29.408] [DEBUG] cheese - admin
[2020-04-19T14:42:29.411] [DEBUG] cheese - null
[2020-04-19T14:42:29.411] [DEBUG] cheese - null
[2020-04-19T14:42:29.559] [DEBUG] cheese - login => username:admin,password:123456
[2020-04-19T14:42:29.559] [DEBUG] cheese - admin
[2020-04-19T14:42:29.563] [DEBUG] cheese - null
[2020-04-19T14:42:29.564] [DEBUG] cheese - null
[2020-04-19T14:42:29.727] [DEBUG] cheese - login => username:admin,password:123456
[2020-04-19T14:42:29.727] [DEBUG] cheese - admin
[2020-04-19T14:42:29.730] [DEBUG] cheese - null
[2020-04-19T14:42:29.730] [DEBUG] cheese - null
[2020-04-19T14:42:29.886] [DEBUG] cheese - login => username:admin,password:123456
[2020-04-19T14:42:29.887] [DEBUG] cheese - admin
[2020-04-19T14:42:29.889] [DEBUG] cheese - null
[2020-04-19T14:42:29.889] [DEBUG] cheese - null
[2020-04-19T14:42:30.047] [DEBUG] cheese - login => username:admin,password:123456
[2020-04-19T14:42:30.047] [DEBUG] cheese - admin
[2020-04-19T14:42:30.050] [DEBUG] cheese - null
[2020-04-19T14:42:30.050] [DEBUG] cheese - null
[2020-04-19T14:42:30.216] [DEBUG] cheese - login => username:admin,password:123456
[2020-04-19T14:42:30.216] [DEBUG] cheese - admin
[2020-04-19T14:42:30.219] [DEBUG] cheese - null
[2020-04-19T14:42:30.219] [DEBUG] cheese - null
[2020-04-19T14:42:30.368] [DEBUG] cheese - login => username:admin,password:123456
[2020-04-19T14:42:30.368] [DEBUG] cheese - admin
[2020-04-19T14:42:30.371] [DEBUG] cheese - null
[2020-04-19T14:42:30.371] [DEBUG] cheese - null
[2020-04-19T14:42:30.520] [DEBUG] cheese - login => username:admin,password:123456
[2020-04-19T14:42:30.520] [DEBUG] cheese - admin
[2020-04-19T14:42:30.523] [DEBUG] cheese - null
[2020-04-19T14:42:30.523] [DEBUG] cheese - null
[2020-04-19T14:42:30.696] [DEBUG] cheese - login => username:admin,password:123456
[2020-04-19T14:42:30.696] [DEBUG] cheese - admin
[2020-04-19T14:42:30.700] [DEBUG] cheese - null
[2020-04-19T14:42:30.700] [DEBUG] cheese - null
[2020-04-19T14:42:30.839] [DEBUG] cheese - login => username:admin,password:123456
[2020-04-19T14:42:30.839] [DEBUG] cheese - admin
[2020-04-19T14:42:30.842] [DEBUG] cheese - null
[2020-04-19T14:42:30.842] [DEBUG] cheese - null
[2020-04-19T14:42:31.008] [DEBUG] cheese - login => username:admin,password:123456
[2020-04-19T14:42:31.008] [DEBUG] cheese - admin
[2020-04-19T14:42:31.010] [DEBUG] cheese - null
[2020-04-19T14:42:31.010] [DEBUG] cheese - null
[2020-04-19T14:42:31.119] [DEBUG] cheese - login => username:admin,password:123456
[2020-04-19T14:42:31.119] [DEBUG] cheese - admin
[2020-04-19T14:42:31.121] [DEBUG] cheese - null
[2020-04-19T14:42:31.121] [DEBUG] cheese - null
[2020-04-19T14:42:31.272] [DEBUG] cheese - login => username:admin,password:123456
[2020-04-19T14:42:31.272] [DEBUG] cheese - admin
[2020-04-19T14:42:31.275] [DEBUG] cheese - null
[2020-04-19T14:42:31.275] [DEBUG] cheese - null
[2020-04-19T14:42:31.439] [DEBUG] cheese - login => username:admin,password:123456
[2020-04-19T14:42:31.439] [DEBUG] cheese - admin
[2020-04-19T14:42:31.442] [DEBUG] cheese - null
[2020-04-19T14:42:31.442] [DEBUG] cheese - null
[2020-04-19T14:42:31.599] [DEBUG] cheese - login => username:admin,password:123456
[2020-04-19T14:42:31.599] [DEBUG] cheese - admin
[2020-04-19T14:42:31.602] [DEBUG] cheese - null
[2020-04-19T14:42:31.603] [DEBUG] cheese - null
[2020-04-19T14:45:52.274] [DEBUG] cheese - login => username:zs33,password:123456
[2020-04-19T14:45:52.274] [DEBUG] cheese - zs33
[2020-04-19T14:45:52.278] [DEBUG] cheese - null
[2020-04-19T14:45:52.279] [DEBUG] cheese - null
[2020-04-19T14:45:58.751] [DEBUG] cheese - login => username:admin,password:123456
[2020-04-19T14:45:58.751] [DEBUG] cheese - admin
[2020-04-19T14:45:58.756] [DEBUG] cheese - null
[2020-04-19T14:45:58.756] [DEBUG] cheese - null
[2020-04-19T14:47:59.971] [DEBUG] cheese - login => username:admin,password:123456
[2020-04-19T14:47:59.972] [DEBUG] cheese - admin
[2020-04-19T14:47:59.976] [DEBUG] cheese - null
[2020-04-19T14:47:59.977] [DEBUG] cheese - null
[2020-04-19T14:48:08.794] [DEBUG] cheese - login => username:admin,password:123456
[2020-04-19T14:48:08.796] [DEBUG] cheese - admin
[2020-04-19T14:48:08.803] [DEBUG] cheese - null
[2020-04-19T14:48:08.803] [DEBUG] cheese - null
[2020-04-19T14:49:23.533] [DEBUG] cheese - login => username:admin,password:123456
[2020-04-19T14:49:23.533] [DEBUG] cheese - admin
[2020-04-19T14:49:23.536] [DEBUG] cheese - null
[2020-04-19T14:49:23.537] [DEBUG] cheese - null
[2020-04-19T14:59:29.253] [DEBUG] cheese - login => username:admin,password:123456
[2020-04-19T14:59:29.253] [DEBUG] cheese - admin
[2020-04-19T14:59:29.259] [DEBUG] cheese - null
[2020-04-19T14:59:29.259] [DEBUG] cheese - null
[2020-04-19T15:02:24.507] [DEBUG] cheese - login => username:admin,password:123456
[2020-04-19T15:02:24.507] [DEBUG] cheese - admin
[2020-04-19T15:02:24.513] [DEBUG] cheese - null
[2020-04-19T15:02:24.513] [DEBUG] cheese - null
[2020-04-19T15:04:01.559] [DEBUG] cheese - login => username:admin,password:123456
[2020-04-19T15:04:01.559] [DEBUG] cheese - admin
[2020-04-19T15:04:01.565] [DEBUG] cheese - null
[2020-04-19T15:04:01.565] [DEBUG] cheese - null
[2020-04-19T15:43:18.581] [DEBUG] cheese - login => username:admin,password:123456
[2020-04-19T15:43:18.581] [DEBUG] cheese - admin
[2020-04-19T15:43:18.588] [DEBUG] cheese - null
[2020-04-19T15:43:18.588] [DEBUG] cheese - null
[2020-04-19T15:46:25.855] [DEBUG] cheese - login => username:admin,password:123456
[2020-04-19T15:46:25.855] [DEBUG] cheese - admin
[2020-04-19T15:46:25.863] [DEBUG] cheese - null
[2020-04-19T15:46:25.863] [DEBUG] cheese - null
[2020-04-19T16:19:36.654] [DEBUG] cheese - login => username:admin,password:123456
[2020-04-19T16:19:36.654] [DEBUG] cheese - admin
[2020-04-19T16:19:36.663] [DEBUG] cheese - null
[2020-04-19T16:19:36.663] [DEBUG] cheese - null
[2020-04-19T16:22:06.415] [DEBUG] cheese - login => username:admin,password:123456
[2020-04-19T16:22:06.415] [DEBUG] cheese - admin
[2020-04-19T16:22:06.430] [DEBUG] cheese - null
[2020-04-19T16:22:06.430] [DEBUG] cheese - null
[2020-04-19T17:05:11.253] [DEBUG] cheese - login => username:admin,password:123456
[2020-04-19T17:05:11.254] [DEBUG] cheese - admin
[2020-04-19T17:05:11.262] [DEBUG] cheese - null
[2020-04-19T17:05:11.262] [DEBUG] cheese - null
[2020-04-19T17:05:32.610] [DEBUG] cheese - login => username:admin,password:123456
[2020-04-19T17:05:32.610] [DEBUG] cheese - admin
[2020-04-19T17:05:32.614] [DEBUG] cheese - null
[2020-04-19T17:05:32.614] [DEBUG] cheese - null
[2020-04-19T17:05:35.663] [DEBUG] cheese - login => username:admin,password:123456
[2020-04-19T17:05:35.663] [DEBUG] cheese - admin
[2020-04-19T17:05:35.668] [DEBUG] cheese - null
[2020-04-19T17:05:35.668] [DEBUG] cheese - null
[2020-04-19T17:06:16.149] [DEBUG] cheese - login => username:admin,password:123456
[2020-04-19T17:06:16.149] [DEBUG] cheese - admin
[2020-04-19T17:06:16.152] [DEBUG] cheese - null
[2020-04-19T17:06:16.152] [DEBUG] cheese - null
[2020-04-19T17:07:35.018] [DEBUG] cheese - login => username:admin,password:123456
[2020-04-19T17:07:35.018] [DEBUG] cheese - admin
[2020-04-19T17:07:35.021] [DEBUG] cheese - null
[2020-04-19T17:07:35.021] [DEBUG] cheese - null
[2020-04-19T17:09:30.557] [DEBUG] cheese - login => username:admin,password:123456
[2020-04-19T17:09:30.557] [DEBUG] cheese - admin
[2020-04-19T17:09:30.560] [DEBUG] cheese - null
[2020-04-19T17:09:30.560] [DEBUG] cheese - null
[2020-04-19T17:52:48.856] [DEBUG] cheese - login => username:admin,password:123456
[2020-04-19T17:52:48.857] [DEBUG] cheese - admin
[2020-04-19T17:52:48.881] [DEBUG] cheese - null
[2020-04-19T17:52:48.881] [DEBUG] cheese - null
[2020-04-20T09:57:44.089] [DEBUG] cheese - login => username:admin,password:123456
[2020-04-20T09:57:44.090] [DEBUG] cheese - admin
[2020-04-20T09:57:44.200] [DEBUG] cheese - null
[2020-04-20T09:57:44.201] [DEBUG] cheese - null
[2020-04-20T10:23:35.700] [DEBUG] cheese - login => username:admin,password:123456
[2020-04-20T10:23:35.700] [DEBUG] cheese - admin
[2020-04-20T10:23:35.707] [DEBUG] cheese - null
[2020-04-20T10:23:35.707] [DEBUG] cheese - null
[2020-04-21T08:41:26.613] [DEBUG] cheese - login => username:admin,password:123456
[2020-04-21T08:41:26.614] [DEBUG] cheese - admin
[2020-04-21T08:41:26.670] [DEBUG] cheese - null
[2020-04-21T08:41:26.671] [DEBUG] cheese - null
[2020-04-21T22:33:29.523] [DEBUG] cheese - login => username:admin,password:123456
[2020-04-21T22:33:29.524] [DEBUG] cheese - admin
[2020-04-21T22:33:29.827] [DEBUG] cheese - null
[2020-04-21T22:33:29.828] [DEBUG] cheese - null
[2020-04-22T10:32:52.724] [DEBUG] cheese - login => username:admin,password:123456
[2020-04-22T10:32:52.726] [DEBUG] cheese - admin
[2020-04-22T10:32:52.830] [DEBUG] cheese - null
[2020-04-22T10:32:52.830] [DEBUG] cheese - null
[2020-04-23T14:05:41.756] [DEBUG] cheese - login => username:admin,password:123456
[2020-04-23T14:05:41.760] [DEBUG] cheese - admin
[2020-04-23T14:05:41.890] [DEBUG] cheese - null
[2020-04-23T14:05:41.891] [DEBUG] cheese - null
[2020-04-24T10:37:54.046] [DEBUG] cheese - login => username:admin,password:123456
[2020-04-24T10:37:54.047] [DEBUG] cheese - admin
[2020-04-24T10:37:54.121] [DEBUG] cheese - null
[2020-04-24T10:37:54.121] [DEBUG] cheese - null
[2020-04-24T15:42:21.964] [DEBUG] cheese - null
[2020-04-24T15:46:06.067] [DEBUG] cheese - null
[2020-04-24T15:48:22.649] [DEBUG] cheese - null
[2020-04-24T15:50:01.650] [DEBUG] cheese - null
[2020-04-24T15:50:07.446] [DEBUG] cheese - null
[2020-04-24T15:50:24.543] [DEBUG] cheese - null
[2020-04-24T21:21:09.015] [DEBUG] cheese - login => username:admin,password:123456
[2020-04-24T21:21:09.016] [DEBUG] cheese - admin
[2020-04-24T21:21:09.050] [DEBUG] cheese - null
[2020-04-24T21:21:09.051] [DEBUG] cheese - null
[2020-04-25T13:58:22.701] [DEBUG] cheese - login => username:admin,password:123456
[2020-04-25T13:58:22.702] [DEBUG] cheese - admin
[2020-04-25T13:58:22.774] [DEBUG] cheese - null
[2020-04-25T13:58:22.775] [DEBUG] cheese - null
[2020-04-25T17:06:18.574] [DEBUG] cheese - login => username:admin,password:123456
[2020-04-25T17:06:18.577] [DEBUG] cheese - admin
[2020-04-25T17:06:18.614] [DEBUG] cheese - null
[2020-04-25T17:06:18.614] [DEBUG] cheese - null
[2020-04-26T13:43:31.802] [DEBUG] cheese - login => username:admin,password:123456
[2020-04-26T13:43:31.804] [DEBUG] cheese - admin
[2020-04-26T13:43:31.907] [DEBUG] cheese - null
[2020-04-26T13:43:31.907] [DEBUG] cheese - null
[2020-04-26T17:01:18.117] [DEBUG] cheese - login => username:admin,password:123456
[2020-04-26T17:01:18.119] [DEBUG] cheese - admin
[2020-04-26T17:01:18.127] [DEBUG] cheese - null
[2020-04-26T17:01:18.127] [DEBUG] cheese - null
[2020-04-27T13:51:39.967] [DEBUG] cheese - login => username:admin,password:123456
[2020-04-27T13:51:39.970] [DEBUG] cheese - admin
[2020-04-27T13:51:40.077] [DEBUG] cheese - null
[2020-04-27T13:51:40.077] [DEBUG] cheese - null
[2020-04-28T09:31:32.873] [DEBUG] cheese - login => username:admin,password:123456
[2020-04-28T09:31:32.875] [DEBUG] cheese - admin
[2020-04-28T09:31:32.946] [DEBUG] cheese - null
[2020-04-28T09:31:32.947] [DEBUG] cheese - null
[2020-04-29T11:14:14.097] [DEBUG] cheese - login => username:admin,password:123456
[2020-04-29T11:14:14.098] [DEBUG] cheese - admin
[2020-04-29T11:14:14.169] [DEBUG] cheese - null
[2020-04-29T11:14:14.169] [DEBUG] cheese - null
[2020-04-29T23:12:41.630] [DEBUG] cheese - login => username:admin,password:123456
[2020-04-29T23:12:41.639] [DEBUG] cheese - admin
[2020-04-29T23:12:41.656] [DEBUG] cheese - null
[2020-04-29T23:12:41.658] [DEBUG] cheese - null
[2020-04-30T10:52:47.353] [DEBUG] cheese - login => username:admin,password:123456
[2020-04-30T10:52:47.355] [DEBUG] cheese - admin
[2020-04-30T10:52:47.435] [DEBUG] cheese - null
[2020-04-30T10:52:47.437] [DEBUG] cheese - null
[2020-05-01T16:30:53.555] [DEBUG] cheese - login => username:admin,password:123456
[2020-05-01T16:30:53.557] [DEBUG] cheese - admin
[2020-05-01T16:30:53.636] [DEBUG] cheese - null
[2020-05-01T16:30:53.637] [DEBUG] cheese - null
[2020-05-01T17:57:40.725] [DEBUG] cheese - null
[2020-05-02T01:27:44.564] [DEBUG] cheese - login => username:admin,password:123456
[2020-05-02T01:27:44.564] [DEBUG] cheese - admin
[2020-05-02T01:27:44.603] [DEBUG] cheese - null
[2020-05-02T01:27:44.604] [DEBUG] cheese - null
[2020-05-02T01:27:58.520] [DEBUG] cheese - login => username:admin,password:123456
[2020-05-02T01:27:58.521] [DEBUG] cheese - admin
[2020-05-02T01:27:58.523] [DEBUG] cheese - null
[2020-05-02T01:27:58.523] [DEBUG] cheese - null
[2020-05-02T01:27:58.785] [DEBUG] cheese - login => username:admin,password:123456
[2020-05-02T01:27:58.785] [DEBUG] cheese - admin
[2020-05-02T01:27:58.787] [DEBUG] cheese - null
[2020-05-02T01:27:58.787] [DEBUG] cheese - null
[2020-05-02T01:27:59.116] [DEBUG] cheese - login => username:admin,password:123456
[2020-05-02T01:27:59.116] [DEBUG] cheese - admin
[2020-05-02T01:27:59.119] [DEBUG] cheese - null
[2020-05-02T01:27:59.120] [DEBUG] cheese - null
[2020-05-02T01:27:59.345] [DEBUG] cheese - login => username:admin,password:123456
[2020-05-02T01:27:59.345] [DEBUG] cheese - admin
[2020-05-02T01:27:59.349] [DEBUG] cheese - null
[2020-05-02T01:27:59.349] [DEBUG] cheese - null
[2020-05-02T01:27:59.840] [DEBUG] cheese - login => username:admin,password:123456
[2020-05-02T01:27:59.840] [DEBUG] cheese - admin
[2020-05-02T01:27:59.843] [DEBUG] cheese - null
[2020-05-02T01:27:59.843] [DEBUG] cheese - null
[2020-05-02T01:28:04.369] [DEBUG] cheese - login => username:admin,password:123456
[2020-05-02T01:28:04.369] [DEBUG] cheese - admin
[2020-05-02T01:28:04.371] [DEBUG] cheese - null
[2020-05-02T01:28:04.371] [DEBUG] cheese - null
[2020-05-02T01:28:40.787] [DEBUG] cheese - login => username:admin,password:123456
[2020-05-02T01:28:40.787] [DEBUG] cheese - admin
[2020-05-02T01:28:40.790] [DEBUG] cheese - null
[2020-05-02T01:28:40.790] [DEBUG] cheese - null
[2020-05-02T13:36:46.810] [DEBUG] cheese - login => username:admin,password:123456
[2020-05-02T13:36:46.812] [DEBUG] cheese - admin
[2020-05-02T13:36:46.966] [DEBUG] cheese - null
[2020-05-02T13:36:46.967] [DEBUG] cheese - null
[2020-05-02T15:32:06.608] [DEBUG] cheese - login => username:admin,password:123456
[2020-05-02T15:32:06.609] [DEBUG] cheese - admin
[2020-05-02T15:32:06.625] [DEBUG] cheese - null
[2020-05-02T15:32:06.625] [DEBUG] cheese - null
[2020-05-02T15:49:48.195] [DEBUG] cheese - login => username:admin,password:123456
[2020-05-02T15:49:48.195] [DEBUG] cheese - admin
[2020-05-02T15:49:48.207] [DEBUG] cheese - null
[2020-05-02T15:49:48.207] [DEBUG] cheese - null
[2020-05-02T16:56:22.240] [DEBUG] cheese - login => username:admin,password:123456
[2020-05-02T16:56:22.242] [DEBUG] cheese - admin
[2020-05-02T16:56:22.270] [DEBUG] cheese - null
[2020-05-02T16:56:22.270] [DEBUG] cheese - null
[2020-05-02T17:09:34.195] [DEBUG] cheese - login => username:admin,password:123456
[2020-05-02T17:09:34.196] [DEBUG] cheese - admin
[2020-05-02T17:09:34.205] [DEBUG] cheese - null
[2020-05-02T17:09:34.205] [DEBUG] cheese - null
[2020-05-02T17:38:05.701] [DEBUG] cheese - login => username:admin,password:123456
[2020-05-02T17:38:05.703] [DEBUG] cheese - admin
[2020-05-02T17:38:05.718] [DEBUG] cheese - null
[2020-05-02T17:38:05.718] [DEBUG] cheese - null
